<?xml version="1.0" encoding="UTF-8"?>
<testsuite name="quantitymeasure.QuantityTest" tests="1" skipped="0" failures="0" errors="0" timestamp="2020-04-06T18:36:20" hostname="SUBE-DELL" time="0.004">
  <properties/>
  <testcase name="given1Feetand1Feet_ShouldReturnEqual" classname="quantitymeasure.QuantityTest" time="0.004"/>
  <system-out><![CDATA[]]></system-out>
  <system-err><![CDATA[]]></system-err>
</testsuite>
