<?xml version="1.0" encoding="UTF-8"?>
<testsuite name="quantitymeasure.QuantityTest" tests="12" skipped="0" failures="0" errors="0" timestamp="2020-04-07T06:08:13" hostname="SUBE-DELL" time="0.026">
  <properties/>
  <testcase name="given1TonneAnd1000Kilograms_ShouldReturnEqual" classname="quantitymeasure.QuantityTest" time="0.003"/>
  <testcase name="given0TonneAnd0Tonne_ShouldReturnEqual" classname="quantitymeasure.QuantityTest" time="0.001"/>
  <testcase name="given1KilogramAnd1000Grams_ShouldReturnEqual" classname="quantitymeasure.QuantityTest" time="0.001"/>
  <testcase name="given0KilogramAnd0Kilograms_ShouldReturnEqual" classname="quantitymeasure.QuantityTest" time="0.001"/>
  <testcase name="given0GramAnd1Grams_ShouldReturnEqual" classname="quantitymeasure.QuantityTest" time="0.001"/>
  <testcase name="given0GramAnd0Grams_ShouldReturnEqual" classname="quantitymeasure.QuantityTest" time="0.0"/>
  <testcase name="givenTonneNull_WhenNull_ShouldReturnTrue" classname="quantitymeasure.QuantityTest" time="0.001"/>
  <testcase name="givenKilogramNull_WhenNull_ShouldReturnTrue" classname="quantitymeasure.QuantityTest" time="0.002"/>
  <testcase name="given0KilogramAnd1Kilograms_ShouldReturnNotEqual" classname="quantitymeasure.QuantityTest" time="0.001"/>
  <testcase name="given0TonneAnd1Tonne_ShouldReturnNotEqual" classname="quantitymeasure.QuantityTest" time="0.001"/>
  <testcase name="given1TonneAnd1000Grams_ShouldReturnEqualToThousandAndOneKilograms" classname="quantitymeasure.QuantityTest" time="0.001"/>
  <testcase name="givenGramNull_WhenNull_ShouldReturnTrue" classname="quantitymeasure.QuantityTest" time="0.003"/>
  <system-out><![CDATA[]]></system-out>
  <system-err><![CDATA[]]></system-err>
</testsuite>
