<?xml version="1.0" encoding="UTF-8"?>
<testsuite name="quantitymeasure.QuantityTest" tests="1" skipped="0" failures="0" errors="0" timestamp="2020-04-07T05:46:16" hostname="SUBE-DELL" time="0.004">
  <properties/>
  <testcase name="given1LitreAnd1000Millilitre_ShouldReturnEqualTwoLitres" classname="quantitymeasure.QuantityTest" time="0.004"/>
  <system-out><![CDATA[]]></system-out>
  <system-err><![CDATA[]]></system-err>
</testsuite>
