<?xml version="1.0" encoding="UTF-8"?>
<testsuite name="quantitymeasure.QuantityTest" tests="1" skipped="0" failures="0" errors="0" timestamp="2020-04-07T05:03:14" hostname="SUBE-DELL" time="0.003">
  <properties/>
  <testcase name="given2InchAnd2Inch_ShouldReturnEqualFourInches" classname="quantitymeasure.QuantityTest" time="0.003"/>
  <system-out><![CDATA[]]></system-out>
  <system-err><![CDATA[]]></system-err>
</testsuite>
