<?xml version="1.0" encoding="UTF-8"?>
<testsuite name="quantitymeasure.QuantityTest" tests="7" skipped="0" failures="0" errors="0" timestamp="2020-04-07T06:28:06" hostname="SUBE-DELL" time="0.009">
  <properties/>
  <testcase name="givenCelsiusNull_WhenNull_ShouldReturnTrue" classname="quantitymeasure.QuantityTest" time="0.002"/>
  <testcase name="given0FahrenheitAnd0Fahrenheit_ShouldReturnEqual" classname="quantitymeasure.QuantityTest" time="0.002"/>
  <testcase name="given0CelsiusAnd0Celsius_ShouldReturnEqual" classname="quantitymeasure.QuantityTest" time="0.0"/>
  <testcase name="given0CelsiusAnd1Celsius_ShouldReturnEqual" classname="quantitymeasure.QuantityTest" time="0.001"/>
  <testcase name="givenTemperatureInFahrenheit_ShouldReturnTemperatureInCelsius" classname="quantitymeasure.QuantityTest" time="0.0"/>
  <testcase name="givenFahrenheitNull_WhenNull_ShouldReturnTrue" classname="quantitymeasure.QuantityTest" time="0.001"/>
  <testcase name="given0FahrenheitAnd1Fahrenheit_ShouldReturnNotEqual" classname="quantitymeasure.QuantityTest" time="0.0"/>
  <system-out><![CDATA[]]></system-out>
  <system-err><![CDATA[]]></system-err>
</testsuite>
